Removed Pin From Net: NetName=+3.3VDC Pin=C17-2
Removed Pin From Net: NetName=+3.3VDC Pin=C18-2
Removed Pin From Net: NetName=+3.3VDC Pin=U4-8
Removed Pin From Net: NetName=+3.3VDC Pin=U5-9
Removed Pin From Net: NetName=+3.3VDC Pin=U5-24
Removed Pin From Net: NetName=+3.3VDC Pin=U5-36
Removed Pin From Net: NetName=+3.3VDC Pin=U5-48
Added Pin To Net: NetName=+3.3VDC Pin=C8-2
Added Pin To Net: NetName=+3.3VDC Pin=C9-2
Added Pin To Net: NetName=+3.3VDC Pin=C10-2
Added Pin To Net: NetName=+3.3VDC Pin=C13-2
Added Pin To Net: NetName=+3.3VDC Pin=C14-2
Added Pin To Net: NetName=+3.3VDC Pin=J6-1
Added Pin To Net: NetName=+3.3VDC Pin=J7-1
Added Pin To Net: NetName=+3.3VDC Pin=U2-3
Change Net Name : Old Net Name=+3.3VDC New Net Name=+3V3DC
Added Pin To Net: NetName=+3.V3DC Pin=U5-9
Added Pin To Net: NetName=+3.V3DC Pin=U5-24
Added Pin To Net: NetName=+3.V3DC Pin=U5-36
Added Pin To Net: NetName=+3.V3DC Pin=U5-48
Added Net: Name=+3.V3DC
Added Pin To Net: NetName=+3V3VDC Pin=C17-2
Added Pin To Net: NetName=+3V3VDC Pin=C18-2
Added Pin To Net: NetName=+3V3VDC Pin=U4-8
Added Net: Name=+3V3VDC
